2022-09-20 10:21:13.315  INFO 7208 --- [restartedMain] com.Myproject.OBM.ObmApplication         : Starting ObmApplication using Java 17.0.4 on INLEN8520085814 with PID 7208 (C:\myProject\OBM\target\classes started by rakesdas in C:\myProject\OBM)
2022-09-20 10:21:13.323  INFO 7208 --- [restartedMain] com.Myproject.OBM.ObmApplication         : No active profile set, falling back to 1 default profile: "default"
2022-09-20 10:21:13.360  INFO 7208 --- [restartedMain] .e.DevToolsPropertyDefaultsPostProcessor : Devtools property defaults active! Set 'spring.devtools.add-properties' to 'false' to disable
2022-09-20 10:21:13.360  INFO 7208 --- [restartedMain] .e.DevToolsPropertyDefaultsPostProcessor : For additional web related logging consider setting the 'logging.level.web' property to 'DEBUG'
2022-09-20 10:21:13.761  INFO 7208 --- [restartedMain] .s.d.r.c.RepositoryConfigurationDelegate : Bootstrapping Spring Data JPA repositories in DEFAULT mode.
2022-09-20 10:21:13.807  INFO 7208 --- [restartedMain] .s.d.r.c.RepositoryConfigurationDelegate : Finished Spring Data repository scanning in 40 ms. Found 5 JPA repository interfaces.
2022-09-20 10:21:14.218  INFO 7208 --- [restartedMain] o.s.b.w.embedded.tomcat.TomcatWebServer  : Tomcat initialized with port(s): 8080 (http)
2022-09-20 10:21:14.227  INFO 7208 --- [restartedMain] o.apache.catalina.core.StandardService   : Starting service [Tomcat]
2022-09-20 10:21:14.227  INFO 7208 --- [restartedMain] org.apache.catalina.core.StandardEngine  : Starting Servlet engine: [Apache Tomcat/9.0.65]
2022-09-20 10:21:14.289  INFO 7208 --- [restartedMain] o.a.c.c.C.[Tomcat].[localhost].[/]       : Initializing Spring embedded WebApplicationContext
2022-09-20 10:21:14.289  INFO 7208 --- [restartedMain] w.s.c.ServletWebServerApplicationContext : Root WebApplicationContext: initialization completed in 929 ms
2022-09-20 10:21:14.420  INFO 7208 --- [restartedMain] o.hibernate.jpa.internal.util.LogHelper  : HHH000204: Processing PersistenceUnitInfo [name: default]
2022-09-20 10:21:14.456  INFO 7208 --- [restartedMain] org.hibernate.Version                    : HHH000412: Hibernate ORM core version 5.6.10.Final
2022-09-20 10:21:14.568  INFO 7208 --- [restartedMain] o.hibernate.annotations.common.Version   : HCANN000001: Hibernate Commons Annotations {5.1.2.Final}
2022-09-20 10:21:14.646  INFO 7208 --- [restartedMain] com.zaxxer.hikari.HikariDataSource       : HikariPool-1 - Starting...
2022-09-20 10:21:14.806  INFO 7208 --- [restartedMain] com.zaxxer.hikari.HikariDataSource       : HikariPool-1 - Start completed.
2022-09-20 10:21:14.820  INFO 7208 --- [restartedMain] org.hibernate.dialect.Dialect            : HHH000400: Using dialect: org.hibernate.dialect.PostgreSQL95Dialect
2022-09-20 10:21:15.389  INFO 7208 --- [restartedMain] o.h.e.t.j.p.i.JtaPlatformInitiator       : HHH000490: Using JtaPlatform implementation: [org.hibernate.engine.transaction.jta.platform.internal.NoJtaPlatform]
2022-09-20 10:21:15.396  INFO 7208 --- [restartedMain] j.LocalContainerEntityManagerFactoryBean : Initialized JPA EntityManagerFactory for persistence unit 'default'
2022-09-20 10:21:15.682  WARN 7208 --- [restartedMain] JpaBaseConfiguration$JpaWebConfiguration : spring.jpa.open-in-view is enabled by default. Therefore, database queries may be performed during view rendering. Explicitly configure spring.jpa.open-in-view to disable this warning
2022-09-20 10:21:15.915  INFO 7208 --- [restartedMain] o.s.b.d.a.OptionalLiveReloadServer       : LiveReload server is running on port 35729
2022-09-20 10:21:15.948  INFO 7208 --- [restartedMain] o.s.b.w.embedded.tomcat.TomcatWebServer  : Tomcat started on port(s): 8080 (http) with context path ''
2022-09-20 10:21:15.956  INFO 7208 --- [restartedMain] com.Myproject.OBM.ObmApplication         : Started ObmApplication in 2.897 seconds (JVM running for 3.486)
2022-09-20 10:25:05.229  INFO 7208 --- [http-nio-8080-exec-1] o.a.c.c.C.[Tomcat].[localhost].[/]       : Initializing Spring DispatcherServlet 'dispatcherServlet'
2022-09-20 10:25:05.229  INFO 7208 --- [http-nio-8080-exec-1] o.s.web.servlet.DispatcherServlet        : Initializing Servlet 'dispatcherServlet'
2022-09-20 10:25:05.230  INFO 7208 --- [http-nio-8080-exec-1] o.s.web.servlet.DispatcherServlet        : Completed initialization in 1 ms
2022-09-20 10:25:22.905  WARN 7208 --- [http-nio-8080-exec-4] .m.m.a.ExceptionHandlerExceptionResolver : Resolved [com.Myproject.OBM.exception.ResourceNotFoundException: User not found with email : 'null']
2022-09-20 10:25:29.476  WARN 7208 --- [http-nio-8080-exec-5] .m.m.a.ExceptionHandlerExceptionResolver : Resolved [com.Myproject.OBM.exception.ResourceNotFoundException: User not found with email : 'null']
2022-09-20 10:25:31.592  WARN 7208 --- [http-nio-8080-exec-6] .m.m.a.ExceptionHandlerExceptionResolver : Resolved [com.Myproject.OBM.exception.ResourceNotFoundException: User not found with email : 'null']
2022-09-20 10:25:32.785  WARN 7208 --- [http-nio-8080-exec-7] .m.m.a.ExceptionHandlerExceptionResolver : Resolved [com.Myproject.OBM.exception.ResourceNotFoundException: User not found with email : 'null']
2022-09-20 10:25:42.196  WARN 7208 --- [http-nio-8080-exec-8] .m.m.a.ExceptionHandlerExceptionResolver : Resolved [com.Myproject.OBM.exception.ResourceNotFoundException: User not found with email : 'null']
2022-09-20 10:25:43.961  WARN 7208 --- [http-nio-8080-exec-9] .m.m.a.ExceptionHandlerExceptionResolver : Resolved [com.Myproject.OBM.exception.ResourceNotFoundException: User not found with email : 'null']
